<?xml version="1.0" encoding="UTF-8"?>
<!-- Generated by org.testng.reporters.JUnitReportReporter -->
<testsuite hostname="classroom-PC" name="myPack.Mahesh" tests="4" failures="0" timestamp="17 Apr 2019 08:58:28 GMT" time="68.462" errors="0">
  <testcase name="verifyLogin" time="19.317" classname="myPack.Mahesh"/>
  <testcase name="deleteEmp" time="0.000" classname="myPack.Mahesh"/>
  <testcase name="editEmp" time="0.000" classname="myPack.Mahesh"/>
  <testcase name="addEmp" time="49.145" classname="myPack.Mahesh"/>
</testsuite> <!-- myPack.Mahesh -->
